<?xml version="1.0" encoding="UTF-8"?>
<testng-results ignored="0" total="6" passed="6" failed="0" skipped="0">
  <reporter-output>
  </reporter-output>
  <suite started-at="2023-05-07T13:33:08 EEST" name="Command line suite" finished-at="2023-05-07T13:33:08 EEST" duration-ms="79">
    <groups>
    </groups>
    <test started-at="2023-05-07T13:33:08 EEST" name="Command line test" finished-at="2023-05-07T13:33:08 EEST" duration-ms="79">
      <class name="com.itfactory.Exercitiul1_tema11_inmultireTest">
        <test-method signature="testCalculInmultire()[pri:0, instance:com.itfactory.Exercitiul1_tema11_inmultireTest@543788f3]" started-at="2023-05-07T13:33:08 EEST" name="testCalculInmultire" finished-at="2023-05-07T13:33:08 EEST" duration-ms="0" status="PASS">
          <reporter-output>
          </reporter-output>
        </test-method> <!-- testCalculInmultire -->
      </class> <!-- com.itfactory.Exercitiul1_tema11_inmultireTest -->
      <class name="com.itfactory.Exercitiul1_tema11_mediaTest">
        <test-method signature="testCalculMedie()[pri:0, instance:com.itfactory.Exercitiul1_tema11_mediaTest@6d3af739]" started-at="2023-05-07T13:33:08 EEST" name="testCalculMedie" finished-at="2023-05-07T13:33:08 EEST" duration-ms="1" status="PASS">
          <reporter-output>
          </reporter-output>
        </test-method> <!-- testCalculMedie -->
      </class> <!-- com.itfactory.Exercitiul1_tema11_mediaTest -->
      <class name="com.itfactory.Exercitiul1_tema11_moduloTest">
        <test-method signature="testCalculeazaModulo()[pri:0, instance:com.itfactory.Exercitiul1_tema11_moduloTest@1da51a35]" started-at="2023-05-07T13:33:08 EEST" name="testCalculeazaModulo" finished-at="2023-05-07T13:33:08 EEST" duration-ms="1" status="PASS">
          <reporter-output>
          </reporter-output>
        </test-method> <!-- testCalculeazaModulo -->
      </class> <!-- com.itfactory.Exercitiul1_tema11_moduloTest -->
      <class name="com.itfactory.Exercitiul1_tema11_adunareTest">
        <test-method signature="testCalculeazaSuma()[pri:0, instance:com.itfactory.Exercitiul1_tema11_adunareTest@5123a213]" started-at="2023-05-07T13:33:08 EEST" name="testCalculeazaSuma" finished-at="2023-05-07T13:33:08 EEST" duration-ms="10" status="PASS">
          <reporter-output>
          </reporter-output>
        </test-method> <!-- testCalculeazaSuma -->
      </class> <!-- com.itfactory.Exercitiul1_tema11_adunareTest -->
      <class name="com.itfactory.Exercitiul1_tema11_scadereTest">
        <test-method signature="testCalculeazaScadere()[pri:0, instance:com.itfactory.Exercitiul1_tema11_scadereTest@16022d9d]" started-at="2023-05-07T13:33:08 EEST" name="testCalculeazaScadere" finished-at="2023-05-07T13:33:08 EEST" duration-ms="4" status="PASS">
          <reporter-output>
          </reporter-output>
        </test-method> <!-- testCalculeazaScadere -->
      </class> <!-- com.itfactory.Exercitiul1_tema11_scadereTest -->
      <class name="com.itfactory.Exercitiul1_tema11_impartireTest">
        <test-method signature="testCalculImpartire()[pri:0, instance:com.itfactory.Exercitiul1_tema11_impartireTest@4ae82894]" started-at="2023-05-07T13:33:08 EEST" name="testCalculImpartire" finished-at="2023-05-07T13:33:08 EEST" duration-ms="9" status="PASS">
          <reporter-output>
          </reporter-output>
        </test-method> <!-- testCalculImpartire -->
      </class> <!-- com.itfactory.Exercitiul1_tema11_impartireTest -->
    </test> <!-- Command line test -->
  </suite> <!-- Command line suite -->
</testng-results>
