<?xml version="1.0" encoding="UTF-8"?>
<!-- Generated by org.testng.reporters.JUnitXMLReporter -->
<testsuite ignored="0" hostname="Alex-PC" failures="1" tests="2" name="Surefire test" time="0.219" errors="0" timestamp="2023-05-13T07:47:34 EEST">
  <testcase classname="com.itfactory.BasketTest" name="testAdaugaProdus" time="0.017"/>
  <testcase classname="com.itfactory.BasketTest" name="testVerificaProduseSeparate" time="0.002">
    <failure type="junit.framework.AssertionFailedError">
      <![CDATA[junit.framework.AssertionFailedError
at junit.framework.Assert.fail(Assert.java:47)
at junit.framework.Assert.assertTrue(Assert.java:20)
at junit.framework.Assert.assertTrue(Assert.java:27)
at com.itfactory.BasketTest.testVerificaProduseSeparate(BasketTest.java:59)
at java.base/java.util.ArrayList.forEach(ArrayList.java:1510)
... Removed 32 stack frames]]>
    </failure>
  </testcase> <!-- testVerificaProduseSeparate -->
</testsuite> <!-- Surefire test -->
