<?xml version="1.0" encoding="UTF-8"?>
<!-- Generated by org.testng.reporters.JUnitXMLReporter -->
<testsuite ignored="0" hostname="Alex-PC" failures="0" tests="6" name="Command line test" time="0.079" errors="0" timestamp="2023-05-07T13:33:08 EEST">
  <testcase classname="com.itfactory.Exercitiul1_tema11_adunareTest" name="testCalculeazaSuma" time="0.01"/>
  <testcase classname="com.itfactory.Exercitiul1_tema11_impartireTest" name="testCalculImpartire" time="0.009"/>
  <testcase classname="com.itfactory.Exercitiul1_tema11_inmultireTest" name="testCalculInmultire" time="0.0"/>
  <testcase classname="com.itfactory.Exercitiul1_tema11_mediaTest" name="testCalculMedie" time="0.001"/>
  <testcase classname="com.itfactory.Exercitiul1_tema11_moduloTest" name="testCalculeazaModulo" time="0.001"/>
  <testcase classname="com.itfactory.Exercitiul1_tema11_scadereTest" name="testCalculeazaScadere" time="0.004"/>
</testsuite> <!-- Command line test -->
