<?xml version="1.0" encoding="UTF-8"?>
<!-- Generated by org.testng.reporters.JUnitXMLReporter -->
<testsuite ignored="0" hostname="Alex-PC" failures="0" tests="4" name="Command line test" time="0.07" errors="0" timestamp="2023-05-13T08:11:36 EEST">
  <testcase classname="com.itfactory.BasketTest" name="testAdaugaProdus" time="0.013"/>
  <testcase classname="com.itfactory.BasketTest" name="testVerificaCalculSeparatProduse" time="0.001"/>
  <testcase classname="com.itfactory.BasketTest" name="testVerificaCalculTotal" time="0.0"/>
  <testcase classname="com.itfactory.BasketTest" name="testVerificaProduseSeparate" time="0.0"/>
</testsuite> <!-- Command line test -->
